<?xml version="1.0" encoding="UTF-8"?>
<testng-results ignored="0" total="1" passed="1" failed="0" skipped="0">
  <reporter-output>
  </reporter-output>
  <suite started-at="2026-02-07T21:52:17 IST" name="Suite" finished-at="2026-02-07T21:52:20 IST" duration-ms="3713">
    <groups>
    </groups>
    <test started-at="2026-02-07T21:52:17 IST" name="Test" finished-at="2026-02-07T21:52:20 IST" duration-ms="3713">
      <class name="Hybridframeprac.registeer.Login">
        <test-method is-config="true" signature="setup(java.lang.String)[pri:0, instance:Hybridframeprac.registeer.Login@7e07db1f]" started-at="2026-02-07T21:52:17 IST" name="setup" finished-at="2026-02-07T21:52:20 IST" duration-ms="3139" status="PASS">
          <params>
            <param index="0">
              <value>
                <![CDATA[chromeheadless]]>
              </value>
            </param>
          </params>
          <reporter-output>
          </reporter-output>
        </test-method> <!-- setup -->
        <test-method signature="login()[pri:0, instance:Hybridframeprac.registeer.Login@7e07db1f]" started-at="2026-02-07T21:52:20 IST" name="login" finished-at="2026-02-07T21:52:20 IST" duration-ms="529" status="PASS">
          <reporter-output>
          </reporter-output>
        </test-method> <!-- login -->
      </class> <!-- Hybridframeprac.registeer.Login -->
    </test> <!-- Test -->
  </suite> <!-- Suite -->
</testng-results>
