<?xml version="1.0" encoding="UTF-8"?>
<testng-results ignored="0" total="3" passed="2" failed="1" skipped="0">
  <reporter-output>
  </reporter-output>
  <suite started-at="2026-02-07T14:08:05 IST" name="Suite" finished-at="2026-02-07T14:08:17 IST" duration-ms="12323">
    <groups>
    </groups>
    <test started-at="2026-02-07T14:08:05 IST" name="edgeTest" finished-at="2026-02-07T14:08:14 IST" duration-ms="9449">
      <class name="Hybridframeprac.registeer.Registration_test">
        <test-method is-config="true" signature="setup(java.lang.String)[pri:0, instance:Hybridframeprac.registeer.Registration_test@4988d8b8]" started-at="2026-02-07T14:08:05 IST" name="setup" finished-at="2026-02-07T14:08:09 IST" duration-ms="3712" status="PASS">
          <params>
            <param index="0">
              <value>
                <![CDATA[edge]]>
              </value>
            </param>
          </params>
          <reporter-output>
          </reporter-output>
        </test-method> <!-- setup -->
        <test-method signature="reg()[pri:0, instance:Hybridframeprac.registeer.Registration_test@4988d8b8]" started-at="2026-02-07T14:08:09 IST" name="reg" finished-at="2026-02-07T14:08:14 IST" duration-ms="5687" status="PASS">
          <reporter-output>
          </reporter-output>
        </test-method> <!-- reg -->
      </class> <!-- Hybridframeprac.registeer.Registration_test -->
    </test> <!-- edgeTest -->
    <test started-at="2026-02-07T14:08:05 IST" name="firefoxTest" finished-at="2026-02-07T14:08:16 IST" duration-ms="11572">
      <class name="Hybridframeprac.registeer.Registration_test">
        <test-method is-config="true" signature="setup(java.lang.String)[pri:0, instance:Hybridframeprac.registeer.Registration_test@2de23121]" started-at="2026-02-07T14:08:05 IST" name="setup" finished-at="2026-02-07T14:08:11 IST" duration-ms="6111" status="PASS">
          <params>
            <param index="0">
              <value>
                <![CDATA[firefox]]>
              </value>
            </param>
          </params>
          <reporter-output>
          </reporter-output>
        </test-method> <!-- setup -->
        <test-method signature="reg()[pri:0, instance:Hybridframeprac.registeer.Registration_test@2de23121]" started-at="2026-02-07T14:08:11 IST" name="reg" finished-at="2026-02-07T14:08:16 IST" duration-ms="5448" status="PASS">
          <reporter-output>
          </reporter-output>
        </test-method> <!-- reg -->
      </class> <!-- Hybridframeprac.registeer.Registration_test -->
    </test> <!-- firefoxTest -->
    <test started-at="2026-02-07T14:08:05 IST" name="chromeTest" finished-at="2026-02-07T14:08:17 IST" duration-ms="12323">
      <class name="Hybridframeprac.registeer.Registration_test">
        <test-method is-config="true" signature="setup(java.lang.String)[pri:0, instance:Hybridframeprac.registeer.Registration_test@1a677343]" started-at="2026-02-07T14:08:05 IST" name="setup" finished-at="2026-02-07T14:08:12 IST" duration-ms="7153" status="PASS">
          <params>
            <param index="0">
              <value>
                <![CDATA[chrome]]>
              </value>
            </param>
          </params>
          <reporter-output>
          </reporter-output>
        </test-method> <!-- setup -->
        <test-method signature="reg()[pri:0, instance:Hybridframeprac.registeer.Registration_test@1a677343]" started-at="2026-02-07T14:08:12 IST" name="reg" finished-at="2026-02-07T14:08:17 IST" duration-ms="5156" status="FAIL">
          <exception class="java.lang.AssertionError">
            <message>
              <![CDATA[Registration confirmation message mismatch! expected [Your Account Has Been Created!] but found [invalid session id: session deleted as the browser has closed the connection
from disconnected: not connected to DevTools
  (Session info: chrome=144.0.7559.133)
Build info: version: '4.21.0', revision: '79ed462ef4'
System info: os.name: 'Windows 11', os.arch: 'amd64', os.version: '10.0', java.version: '17.0.15'
Driver info: org.openqa.selenium.chrome.ChromeDriver
Command: [e22ac4e07206e44995ba1f47a443a8e1, findElement {value=//h1[normalize-space()='Your Account Has Been Created!'], using=xpath}]
Capabilities {acceptInsecureCerts: false, browserName: chrome, browserVersion: 144.0.7559.133, chrome: {chromedriverVersion: 144.0.7559.133 (7da823b1d59..., userDataDir: C:\Users\Reehan\AppData\Loc...}, fedcm:accounts: true, goog:chromeOptions: {debuggerAddress: localhost:58905}, goog:processID: 26912, networkConnectionEnabled: false, pageLoadStrategy: normal, platformName: windows, proxy: Proxy(), se:cdp: ws://localhost:58905/devtoo..., se:cdpVersion: 144.0.7559.133, setWindowRect: true, strictFileInteractability: false, timeouts: {implicit: 0, pageLoad: 300000, script: 30000}, unhandledPromptBehavior: dismiss and notify, webauthn:extension:credBlob: true, webauthn:extension:largeBlob: true, webauthn:extension:minPinLength: true, webauthn:extension:prf: true, webauthn:virtualAuthenticators: true}
Session ID: e22ac4e07206e44995ba1f47a443a8e1]]]>
            </message>
            <full-stacktrace>
              <![CDATA[java.lang.AssertionError: Registration confirmation message mismatch! expected [Your Account Has Been Created!] but found [invalid session id: session deleted as the browser has closed the connection
from disconnected: not connected to DevTools
  (Session info: chrome=144.0.7559.133)
Build info: version: '4.21.0', revision: '79ed462ef4'
System info: os.name: 'Windows 11', os.arch: 'amd64', os.version: '10.0', java.version: '17.0.15'
Driver info: org.openqa.selenium.chrome.ChromeDriver
Command: [e22ac4e07206e44995ba1f47a443a8e1, findElement {value=//h1[normalize-space()='Your Account Has Been Created!'], using=xpath}]
Capabilities {acceptInsecureCerts: false, browserName: chrome, browserVersion: 144.0.7559.133, chrome: {chromedriverVersion: 144.0.7559.133 (7da823b1d59..., userDataDir: C:\Users\Reehan\AppData\Loc...}, fedcm:accounts: true, goog:chromeOptions: {debuggerAddress: localhost:58905}, goog:processID: 26912, networkConnectionEnabled: false, pageLoadStrategy: normal, platformName: windows, proxy: Proxy(), se:cdp: ws://localhost:58905/devtoo..., se:cdpVersion: 144.0.7559.133, setWindowRect: true, strictFileInteractability: false, timeouts: {implicit: 0, pageLoad: 300000, script: 30000}, unhandledPromptBehavior: dismiss and notify, webauthn:extension:credBlob: true, webauthn:extension:largeBlob: true, webauthn:extension:minPinLength: true, webauthn:extension:prf: true, webauthn:virtualAuthenticators: true}
Session ID: e22ac4e07206e44995ba1f47a443a8e1]
at org.testng.Assert.fail(Assert.java:111)
at org.testng.Assert.failNotEquals(Assert.java:1590)
at org.testng.Assert.assertEqualsImpl(Assert.java:150)
at org.testng.Assert.assertEquals(Assert.java:132)
at org.testng.Assert.assertEquals(Assert.java:656)
at Hybridframeprac.registeer.Registration_test.reg(Registration_test.java:29)
at java.base/jdk.internal.reflect.NativeMethodAccessorImpl.invoke0(Native Method)
at java.base/jdk.internal.reflect.NativeMethodAccessorImpl.invoke(NativeMethodAccessorImpl.java:77)
at java.base/jdk.internal.reflect.DelegatingMethodAccessorImpl.invoke(DelegatingMethodAccessorImpl.java:43)
at java.base/java.lang.reflect.Method.invoke(Method.java:568)
at org.testng.internal.invokers.MethodInvocationHelper.invokeMethod(MethodInvocationHelper.java:141)
at org.testng.internal.invokers.TestInvoker.invokeMethod(TestInvoker.java:687)
at org.testng.internal.invokers.TestInvoker.invokeTestMethod(TestInvoker.java:230)
at org.testng.internal.invokers.MethodRunner.runInSequence(MethodRunner.java:63)
at org.testng.internal.invokers.TestInvoker$MethodInvocationAgent.invoke(TestInvoker.java:995)
at org.testng.internal.invokers.TestInvoker.invokeTestMethods(TestInvoker.java:203)
at org.testng.internal.invokers.TestMethodWorker.invokeTestMethods(TestMethodWorker.java:154)
at org.testng.internal.invokers.TestMethodWorker.run(TestMethodWorker.java:134)
at java.base/java.util.ArrayList.forEach(ArrayList.java:1511)
at org.testng.TestRunner.privateRun(TestRunner.java:741)
at org.testng.TestRunner.run(TestRunner.java:616)
at org.testng.SuiteRunner.runTest(SuiteRunner.java:421)
at org.testng.SuiteRunner$SuiteWorker.run(SuiteRunner.java:463)
at org.testng.internal.thread.ThreadUtil.lambda$execute$0(ThreadUtil.java:64)
at java.base/java.util.concurrent.FutureTask.run(FutureTask.java:264)
at java.base/java.util.concurrent.ThreadPoolExecutor.runWorker(ThreadPoolExecutor.java:1136)
at java.base/java.util.concurrent.ThreadPoolExecutor$Worker.run(ThreadPoolExecutor.java:635)
at java.base/java.lang.Thread.run(Thread.java:842)
]]>
            </full-stacktrace>
          </exception> <!-- java.lang.AssertionError -->
          <reporter-output>
          </reporter-output>
        </test-method> <!-- reg -->
      </class> <!-- Hybridframeprac.registeer.Registration_test -->
    </test> <!-- chromeTest -->
  </suite> <!-- Suite -->
</testng-results>
