<?xml version="1.0" encoding="UTF-8"?>
<!-- Generated by org.testng.reporters.JUnitReportReporter -->
<testsuite hostname="Loosers" failures="0" tests="3" name="Hybridframeprac.registeer.Registration_test" time="16.447" errors="0" timestamp="2026-02-07T16:10:19 IST" skipped="0">
  <testcase classname="Hybridframeprac.registeer.Registration_test" name="reg" time="6.012"/>
  <testcase classname="Hybridframeprac.registeer.Registration_test" name="reg" time="5.972"/>
  <testcase classname="Hybridframeprac.registeer.Registration_test" name="reg" time="4.463"/>
</testsuite> <!-- Hybridframeprac.registeer.Registration_test -->
